<?xml version="1.0" encoding="UTF-8"?>
<!-- Generated by org.testng.reporters.JUnitXMLReporter -->
<testsuite hostname="ruma" name="IETest" tests="1" failures="0" timestamp="13 Nov 2015 17:20:27 GMT" time="0.441" errors="0">
  <testcase name="@BeforeClass beforeTest" time="0.0" classname="com.MultiBrowser">
    <failure type="java.lang.IllegalStateException" message="The driver executable does not exist: C:\driver\IEDriverServer.exe">
      <![CDATA[java.lang.IllegalStateException: The driver executable does not exist: C:\driver\IEDriverServer.exe
	at com.google.common.base.Preconditions.checkState(Preconditions.java:197)
	at org.openqa.selenium.remote.service.DriverService.checkExecutable(DriverService.java:121)
	at org.openqa.selenium.remote.service.DriverService.findExecutable(DriverService.java:116)
	at org.openqa.selenium.ie.InternetExplorerDriverService.access$0(InternetExplorerDriverService.java:1)
	at org.openqa.selenium.ie.InternetExplorerDriverService$Builder.findDefaultExecutable(InternetExplorerDriverService.java:167)
	at org.openqa.selenium.remote.service.DriverService$Builder.build(DriverService.java:290)
	at org.openqa.selenium.ie.InternetExplorerDriver.setupService(InternetExplorerDriver.java:251)
	at org.openqa.selenium.ie.InternetExplorerDriver.<init>(InternetExplorerDriver.java:172)
	at org.openqa.selenium.ie.InternetExplorerDriver.<init>(InternetExplorerDriver.java:146)
	at com.MultiBrowser.beforeTest(MultiBrowser.java:38)
	at java.util.concurrent.FutureTask.run(Unknown Source)
	at java.util.concurrent.ThreadPoolExecutor.runWorker(Unknown Source)
	at java.util.concurrent.ThreadPoolExecutor$Worker.run(Unknown Source)
	at java.lang.Thread.run(Unknown Source)
... Removed 16 stack frames]]>
    </failure>
  </testcase> <!-- @BeforeClass beforeTest -->
  <testcase name="@AfterClass afterTest" time="0.0" classname="com.MultiBrowser">
    <skipped/>
  </testcase> <!-- @AfterClass afterTest -->
  <testcase name="login" time="0.002" classname="com.MultiBrowser">
    <skipped/>
  </testcase> <!-- login -->
</testsuite> <!-- IETest -->
