<?xml version="1.0" encoding="UTF-8"?>
<testng-results skipped="0" failed="0" total="3" passed="3">
  <reporter-output>
  </reporter-output>
  <suite name="Default suite" duration-ms="25370" started-at="2015-10-04T20:58:12Z" finished-at="2015-10-04T20:58:38Z">
    <groups>
    </groups>
    <test name="Default test" duration-ms="25370" started-at="2015-10-04T20:58:12Z" finished-at="2015-10-04T20:58:38Z">
      <class name="com.DataProvide">
        <test-method status="PASS" signature="test(java.lang.String, java.lang.String)[pri:0, instance:com.DataProvide@77f03bb1]" name="test" duration-ms="9723" started-at="2015-10-04T16:58:12Z" data-provider="Authentication" finished-at="2015-10-04T16:58:22Z">
          <params>
            <param index="0">
              <value>
                <![CDATA[sislam]]>
              </value>
            </param>
            <param index="1">
              <value>
                <![CDATA[Test@123]]>
              </value>
            </param>
          </params>
          <reporter-output>
          </reporter-output>
        </test-method> <!-- test -->
        <test-method status="PASS" signature="test(java.lang.String, java.lang.String)[pri:0, instance:com.DataProvide@77f03bb1]" name="test" duration-ms="7817" started-at="2015-10-04T16:58:22Z" data-provider="Authentication" finished-at="2015-10-04T16:58:30Z">
          <params>
            <param index="0">
              <value>
                <![CDATA[testu]]>
              </value>
            </param>
            <param index="1">
              <value>
                <![CDATA[Test@1234]]>
              </value>
            </param>
          </params>
          <reporter-output>
          </reporter-output>
        </test-method> <!-- test -->
        <test-method status="PASS" signature="test(java.lang.String, java.lang.String)[pri:0, instance:com.DataProvide@77f03bb1]" name="test" duration-ms="7799" started-at="2015-10-04T16:58:30Z" data-provider="Authentication" finished-at="2015-10-04T16:58:38Z">
          <params>
            <param index="0">
              <value>
                <![CDATA[testu]]>
              </value>
            </param>
            <param index="1">
              <value>
                <![CDATA[Test@1234]]>
              </value>
            </param>
          </params>
          <reporter-output>
          </reporter-output>
        </test-method> <!-- test -->
      </class> <!-- com.DataProvide -->
    </test> <!-- Default test -->
  </suite> <!-- Default suite -->
</testng-results>
